C:\USERS\GUISMO\DOCUMENTS\GITHUB\V-AND-CO-BABEL\CLIENT\BABELVCLIENT\BABELVCLIENT\DEBUG\MAINWINDOW.OBJ
C:\USERS\GUISMO\DOCUMENTS\GITHUB\V-AND-CO-BABEL\CLIENT\BABELVCLIENT\BABELVCLIENT\DEBUG\MAIN.OBJ
C:\USERS\GUISMO\DOCUMENTS\GITHUB\V-AND-CO-BABEL\CLIENT\BABELVCLIENT\BABELVCLIENT\DEBUG\MOC_MAINWINDOW.OBJ
C:\USERS\GUISMO\DOCUMENTS\GITHUB\V-AND-CO-BABEL\CLIENT\BABELVCLIENT\BABELVCLIENT\DEBUG\MOC_FRIENDLISTWIDGET.OBJ
C:\USERS\GUISMO\DOCUMENTS\GITHUB\V-AND-CO-BABEL\CLIENT\BABELVCLIENT\BABELVCLIENT\DEBUG\FRIENDLISTWIDGET.OBJ
C:\USERS\GUISMO\DOCUMENTS\GITHUB\V-AND-CO-BABEL\CLIENT\BABELVCLIENT\BABELVCLIENT\DEBUG\FRIENDLIST.OBJ
C:\USERS\GUISMO\DOCUMENTS\GITHUB\V-AND-CO-BABEL\CLIENT\BABELVCLIENT\BABELVCLIENT\DEBUG\FRIEND.OBJ
C:\USERS\GUISMO\DOCUMENTS\GITHUB\V-AND-CO-BABEL\CLIENT\BABELVCLIENT\BABELVCLIENT\DEBUG\VC110.PDB
C:\USERS\GUISMO\DOCUMENTS\GITHUB\V-AND-CO-BABEL\CLIENT\BABELVCLIENT\BABELVCLIENT\DEBUG\QRC_MAINWINDOW.OBJ
C:\USERS\GUISMO\DOCUMENTS\GITHUB\V-AND-CO-BABEL\CLIENT\BABELVCLIENT\BABELVCLIENT\GENERATEDFILES\DEBUG\MOC_MAINWINDOW.CPP
C:\USERS\GUISMO\DOCUMENTS\GITHUB\V-AND-CO-BABEL\CLIENT\BABELVCLIENT\BABELVCLIENT\GENERATEDFILES\UI_MAINWINDOW.H
C:\USERS\GUISMO\DOCUMENTS\GITHUB\V-AND-CO-BABEL\CLIENT\BABELVCLIENT\BABELVCLIENT\GENERATEDFILES\DEBUG\MOC_FRIENDLISTWIDGET.CPP
C:\USERS\GUISMO\DOCUMENTS\GITHUB\V-AND-CO-BABEL\CLIENT\BABELVCLIENT\BABELVCLIENT\GENERATEDFILES\QRC_MAINWINDOW.CPP
C:\USERS\GUISMO\DOCUMENTS\GITHUB\V-AND-CO-BABEL\CLIENT\BABELVCLIENT\WIN32\DEBUG\BABELVCLIENT.ILK
C:\USERS\GUISMO\DOCUMENTS\GITHUB\V-AND-CO-BABEL\CLIENT\BABELVCLIENT\WIN32\DEBUG\BABELVCLIENT.EXE
C:\USERS\GUISMO\DOCUMENTS\GITHUB\V-AND-CO-BABEL\CLIENT\BABELVCLIENT\WIN32\DEBUG\BABELVCLIENT.PDB
C:\Users\Guismo\Documents\GitHub\V-and-Co-Babel\Client\babelVClient\babelVClient\Debug\Friend.obj
C:\Users\Guismo\Documents\GitHub\V-and-Co-Babel\Client\babelVClient\babelVClient\Debug\FriendList.obj
C:\Users\Guismo\Documents\GitHub\V-and-Co-Babel\Client\babelVClient\babelVClient\Debug\FriendListWidget.obj
C:\Users\Guismo\Documents\GitHub\V-and-Co-Babel\Client\babelVClient\babelVClient\Debug\main.obj
C:\Users\Guismo\Documents\GitHub\V-and-Co-Babel\Client\babelVClient\babelVClient\Debug\MainWindow.obj
C:\Users\Guismo\Documents\GitHub\V-and-Co-Babel\Client\babelVClient\babelVClient\Debug\moc_FriendListWidget.obj
C:\Users\Guismo\Documents\GitHub\V-and-Co-Babel\Client\babelVClient\babelVClient\Debug\moc_MainWindow.obj
C:\Users\Guismo\Documents\GitHub\V-and-Co-Babel\Client\babelVClient\babelVClient\Debug\qrc_MainWindow.obj
C:\Users\Guismo\Documents\GitHub\V-and-Co-Babel\Client\babelVClient\babelVClient\Debug\cl.command.1.tlog
C:\Users\Guismo\Documents\GitHub\V-and-Co-Babel\Client\babelVClient\babelVClient\Debug\CL.read.1.tlog
C:\Users\Guismo\Documents\GitHub\V-and-Co-Babel\Client\babelVClient\babelVClient\Debug\CL.write.1.tlog
C:\Users\Guismo\Documents\GitHub\V-and-Co-Babel\Client\babelVClient\babelVClient\Debug\custombuild.command.1.tlog
C:\Users\Guismo\Documents\GitHub\V-and-Co-Babel\Client\babelVClient\babelVClient\Debug\custombuild.read.1.tlog
C:\Users\Guismo\Documents\GitHub\V-and-Co-Babel\Client\babelVClient\babelVClient\Debug\custombuild.write.1.tlog
C:\Users\Guismo\Documents\GitHub\V-and-Co-Babel\Client\babelVClient\babelVClient\Debug\link-cvtres.read.1.tlog
C:\Users\Guismo\Documents\GitHub\V-and-Co-Babel\Client\babelVClient\babelVClient\Debug\link-cvtres.write.1.tlog
C:\Users\Guismo\Documents\GitHub\V-and-Co-Babel\Client\babelVClient\babelVClient\Debug\link-rc.read.1.tlog
C:\Users\Guismo\Documents\GitHub\V-and-Co-Babel\Client\babelVClient\babelVClient\Debug\link-rc.write.1.tlog
C:\Users\Guismo\Documents\GitHub\V-and-Co-Babel\Client\babelVClient\babelVClient\Debug\link.command.1.tlog
C:\Users\Guismo\Documents\GitHub\V-and-Co-Babel\Client\babelVClient\babelVClient\Debug\link.read.1.tlog
C:\Users\Guismo\Documents\GitHub\V-and-Co-Babel\Client\babelVClient\babelVClient\Debug\link.write.1.tlog
C:\Users\Guismo\Documents\GitHub\V-and-Co-Babel\Client\babelVClient\babelVClient\Debug\vc110.pdb
C:\Users\Guismo\Documents\GitHub\V-and-Co-Babel\Client\babelVClient\Win32\Debug\babelVClient.pdb
C:\Users\Guismo\Documents\GitHub\V-and-Co-Babel\Client\babelVClient\Win32\Debug\babelVClient.exe
C:\Users\Guismo\Documents\GitHub\V-and-Co-Babel\Client\babelVClient\Win32\Debug\babelVClient.ilk
