La génération a démarré 12/12/2013 13:50:17.
     1>Projet "C:\Users\sauvia_c\Documents\GitHub\V-and-Co-Babel\protocol\Protocol\Protocol.vcxproj" sur le nœud 2 (Build cible(s)).
     1>ClCompile:
         C:\Program Files (x86)\Microsoft Visual Studio 12.0\VC\bin\CL.exe /c /ZI /nologo /W3 /WX- /sdl /Od /Oy- /D _MBCS /D _MBCS /D WIN32 /D DEBUG /D PROTOCOL_API /Gm /EHsc /RTC1 /MDd /GS /fp:precise /Zc:wchar_t /Zc:forScope /Fo"Debug\\" /Fd"Debug\vc120.pdb" /Gd /TP /analyze- /errorReport:prompt ..\sources\ARequest.cpp ..\sources\AuthRequest.cpp ..\sources\ChatRequest.cpp ..\sources\FriendRequest.cpp ..\sources\Protocol.cpp ..\sources\RequestFactory.cpp ..\sources\ServerRequest.cpp
         ServerRequest.cpp
         RequestFactory.cpp
         Protocol.cpp
         FriendRequest.cpp
         ChatRequest.cpp
         AuthRequest.cpp
         ARequest.cpp
         Génération de code en cours...
       Lib:
         C:\Program Files (x86)\Microsoft Visual Studio 12.0\VC\bin\Lib.exe /OUT:"C:\Users\sauvia_c\Documents\GitHub\V-and-Co-Babel\server\Server_Babel\Debug\Protocol.lib" /NOLOGO Debug\ARequest.obj
         Debug\AuthRequest.obj
         Debug\ChatRequest.obj
         Debug\FriendRequest.obj
         Debug\Protocol.obj
         Debug\RequestFactory.obj
         Debug\ServerRequest.obj
         Protocol.vcxproj -> C:\Users\sauvia_c\Documents\GitHub\V-and-Co-Babel\server\Server_Babel\Debug\Protocol.lib
     1>Génération du projet "C:\Users\sauvia_c\Documents\GitHub\V-and-Co-Babel\protocol\Protocol\Protocol.vcxproj" terminée (Build cible(s)).

La génération a réussi.

Temps écoulé 00:00:06.58
